<?xml version="1.0" encoding="UTF-8"?>
<testsuite xmlns:xsi="http://www.w3.org/2001/XMLSchema-instance" xsi:noNamespaceSchemaLocation="https://maven.apache.org/surefire/maven-surefire-plugin/xsd/surefire-test-report.xsd" name="com.rwalker.GenericSequenceTests" time="0" tests="1" errors="0" skipped="0" failures="0">
  <properties>
    <property name="java.specification.version" value="21"/>
    <property name="sun.cpu.isalist" value="amd64"/>
    <property name="sun.jnu.encoding" value="Cp1252"/>
    <property name="java.class.path" value="h:\Year Three\COMP6200-Modern-Collections-Library\moderncollectionslibrary\target\test-classes;h:\Year Three\COMP6200-Modern-Collections-Library\moderncollectionslibrary\target\classes;C:\Users\Rhysw\.m2\repository\junit\junit\4.11\junit-4.11.jar;C:\Users\Rhysw\.m2\repository\org\hamcrest\hamcrest-core\1.3\hamcrest-core-1.3.jar;"/>
    <property name="java.vm.vendor" value="Oracle Corporation"/>
    <property name="sun.arch.data.model" value="64"/>
    <property name="user.variant" value=""/>
    <property name="java.vendor.url" value="https://java.oracle.com/"/>
    <property name="user.timezone" value="Europe/London"/>
    <property name="os.name" value="Windows 11"/>
    <property name="java.vm.specification.version" value="21"/>
    <property name="sun.java.launcher" value="SUN_STANDARD"/>
    <property name="user.country" value="GB"/>
    <property name="sun.boot.library.path" value="C:\Program Files\Java\jdk-21\bin"/>
    <property name="sun.java.command" value="C:\Users\Rhysw\AppData\Local\Temp\surefire16626811664116405774\surefirebooter792524430989328100.jar C:\Users\Rhysw\AppData\Local\Temp\surefire16626811664116405774 2024-10-08T19-41-17_944-jvmRun1 surefire482454066687822031tmp surefire_05019105605642608851tmp"/>
    <property name="jdk.debug" value="release"/>
    <property name="surefire.test.class.path" value="h:\Year Three\COMP6200-Modern-Collections-Library\moderncollectionslibrary\target\test-classes;h:\Year Three\COMP6200-Modern-Collections-Library\moderncollectionslibrary\target\classes;C:\Users\Rhysw\.m2\repository\junit\junit\4.11\junit-4.11.jar;C:\Users\Rhysw\.m2\repository\org\hamcrest\hamcrest-core\1.3\hamcrest-core-1.3.jar;"/>
    <property name="sun.cpu.endian" value="little"/>
    <property name="user.home" value="C:\Users\Rhysw"/>
    <property name="user.language" value="en"/>
    <property name="java.specification.vendor" value="Oracle Corporation"/>
    <property name="java.version.date" value="2023-10-17"/>
    <property name="java.home" value="C:\Program Files\Java\jdk-21"/>
    <property name="file.separator" value="\"/>
    <property name="basedir" value="h:\Year Three\COMP6200-Modern-Collections-Library\moderncollectionslibrary"/>
    <property name="java.vm.compressedOopsMode" value="32-bit"/>
    <property name="line.separator" value="&#10;"/>
    <property name="java.vm.specification.vendor" value="Oracle Corporation"/>
    <property name="java.specification.name" value="Java Platform API Specification"/>
    <property name="surefire.real.class.path" value="C:\Users\Rhysw\AppData\Local\Temp\surefire16626811664116405774\surefirebooter792524430989328100.jar"/>
    <property name="user.script" value=""/>
    <property name="sun.management.compiler" value="HotSpot 64-Bit Tiered Compilers"/>
    <property name="java.runtime.version" value="21.0.1+12-LTS-29"/>
    <property name="user.name" value="Rhysw"/>
    <property name="stdout.encoding" value="Cp1252"/>
    <property name="path.separator" value=";"/>
    <property name="os.version" value="10.0"/>
    <property name="java.runtime.name" value="Java(TM) SE Runtime Environment"/>
    <property name="file.encoding" value="UTF-8"/>
    <property name="java.vm.name" value="Java HotSpot(TM) 64-Bit Server VM"/>
    <property name="localRepository" value="C:\Users\Rhysw\.m2\repository"/>
    <property name="java.vendor.url.bug" value="https://bugreport.java.com/bugreport/"/>
    <property name="java.io.tmpdir" value="C:\Users\Rhysw\AppData\Local\Temp\"/>
    <property name="java.version" value="21.0.1"/>
    <property name="user.dir" value="h:\Year Three\COMP6200-Modern-Collections-Library\moderncollectionslibrary"/>
    <property name="os.arch" value="amd64"/>
    <property name="java.vm.specification.name" value="Java Virtual Machine Specification"/>
    <property name="sun.os.patch.level" value=""/>
    <property name="native.encoding" value="Cp1252"/>
    <property name="java.library.path" value="C:\Program Files\Java\jdk-21\bin;C:\windows\Sun\Java\bin;C:\windows\system32;C:\windows;C:\Program Files\Common Files\Oracle\Java\javapath;C:\windows\system32;C:\windows;C:\windows\System32\Wbem;C:\windows\System32\WindowsPowerShell\v1.0\;C:\windows\System32\OpenSSH\;C:\Program Files\PuTTY\;C:\Program Files\dotnet\;C:\Program Files\Git\cmd;C:\Program Files\nodejs\;C:\Users\Rhysw\AppData\Local\Programs\Python\Python312\Scripts\;C:\Users\Rhysw\AppData\Local\Programs\Python\Python312\;C:\Users\Rhysw\AppData\Local\Microsoft\WindowsApps;C:\Users\Rhysw\AppData\Local\Programs\Microsoft VS Code\bin;C:\Users\Rhysw\.dotnet\tools;C:\Program Files\Java\jdk-11\bin;C:\Program Files\JetBrains\IntelliJ IDEA 2023.2.2\bin;;C:\Program Files\Java\jdk-21\bin;C:\Program Files\Java\apache-maven-3.9.6\bin;C:\Program Files\Java\javafx-sdk-21.0.1\lib;;C:\Users\Rhysw\AppData\Local\spicetify;C:\ghcup\bin;C:\Users\Rhysw\AppData\Roaming\npm;."/>
    <property name="java.vm.info" value="mixed mode, sharing"/>
    <property name="stderr.encoding" value="Cp1252"/>
    <property name="java.vendor" value="Oracle Corporation"/>
    <property name="java.vm.version" value="21.0.1+12-LTS-29"/>
    <property name="sun.io.unicode.encoding" value="UnicodeLittle"/>
    <property name="java.class.version" value="65.0"/>
  </properties>
  <testcase name="testCreation" classname="com.rwalker.GenericSequenceTests" time="0"/>
</testsuite>